<?xml version="1.0" encoding="UTF-8"?>
<testng-results skipped="0" failed="1" ignored="0" total="5" passed="4">
  <reporter-output>
  </reporter-output>
  <suite name="Suite" duration-ms="218075" started-at="2019-01-05T16:44:37Z" finished-at="2019-01-05T16:48:15Z">
    <groups>
    </groups>
    <test name="HomePageTest" duration-ms="160178" started-at="2019-01-05T16:44:37Z" finished-at="2019-01-05T16:47:17Z">
      <class name="academy.HomePageTest">
        <test-method status="PASS" signature="initializeBrowser()[pri:0, instance:academy.HomePageTest@293a5bf6]" name="initializeBrowser" is-config="true" duration-ms="10" started-at="2019-01-05T16:44:37Z" finished-at="2019-01-05T16:44:37Z">
          <reporter-output>
          </reporter-output>
        </test-method> <!-- initializeBrowser -->
        <test-method status="PASS" signature="basePageNavigation(java.lang.String, java.lang.String)[pri:0, instance:academy.HomePageTest@293a5bf6]" name="basePageNavigation" duration-ms="61870" started-at="2019-01-05T16:44:37Z" data-provider="getData" finished-at="2019-01-05T16:45:39Z">
          <params>
            <param index="0">
              <value>
                <![CDATA[vijsenreddykunduru@gmail.com]]>
              </value>
            </param>
            <param index="1">
              <value>
                <![CDATA[sen]]>
              </value>
            </param>
          </params>
          <reporter-output>
          </reporter-output>
        </test-method> <!-- basePageNavigation -->
        <test-method status="PASS" signature="basePageNavigation(java.lang.String, java.lang.String)[pri:0, instance:academy.HomePageTest@293a5bf6]" name="basePageNavigation" duration-ms="51204" started-at="2019-01-05T16:45:39Z" data-provider="getData" finished-at="2019-01-05T16:46:30Z">
          <params>
            <param index="0">
              <value>
                <![CDATA[payalpanday16@gmail.com]]>
              </value>
            </param>
            <param index="1">
              <value>
                <![CDATA[Panday]]>
              </value>
            </param>
          </params>
          <reporter-output>
          </reporter-output>
        </test-method> <!-- basePageNavigation -->
        <test-method status="PASS" signature="basePageNavigation(java.lang.String, java.lang.String)[pri:0, instance:academy.HomePageTest@293a5bf6]" name="basePageNavigation" duration-ms="45847" started-at="2019-01-05T16:46:30Z" data-provider="getData" finished-at="2019-01-05T16:47:16Z">
          <params>
            <param index="0">
              <value>
                <![CDATA[Indhra@gmail.com]]>
              </value>
            </param>
            <param index="1">
              <value>
                <![CDATA[Sena]]>
              </value>
            </param>
          </params>
          <reporter-output>
          </reporter-output>
        </test-method> <!-- basePageNavigation -->
        <test-method status="PASS" signature="CloseBrowser()[pri:0, instance:academy.HomePageTest@293a5bf6]" name="CloseBrowser" is-config="true" duration-ms="1077" started-at="2019-01-05T16:47:16Z" finished-at="2019-01-05T16:47:17Z">
          <reporter-output>
          </reporter-output>
        </test-method> <!-- CloseBrowser -->
      </class> <!-- academy.HomePageTest -->
    </test> <!-- HomePageTest -->
    <test name="Validate TitleTest" duration-ms="29412" started-at="2019-01-05T16:47:18Z" finished-at="2019-01-05T16:47:47Z">
      <class name="academy.ValidateTitleTest">
        <test-method status="PASS" signature="initializeBrowser()[pri:0, instance:academy.ValidateTitleTest@55182842]" name="initializeBrowser" is-config="true" duration-ms="25628" started-at="2019-01-05T16:47:18Z" finished-at="2019-01-05T16:47:43Z">
          <reporter-output>
          </reporter-output>
        </test-method> <!-- initializeBrowser -->
        <test-method status="FAIL" signature="basePageNavigation()[pri:0, instance:academy.ValidateTitleTest@55182842]" name="basePageNavigation" duration-ms="966" started-at="2019-01-05T16:47:43Z" finished-at="2019-01-05T16:47:44Z">
          <exception class="java.lang.AssertionError">
            <message>
              <![CDATA[expected [FEA COURSES] but found [FEATURED COURSES]]]>
            </message>
            <full-stacktrace>
              <![CDATA[java.lang.AssertionError: expected [FEA COURSES] but found [FEATURED COURSES]
at org.testng.Assert.fail(Assert.java:96)
at org.testng.Assert.failNotEquals(Assert.java:776)
at org.testng.Assert.assertEqualsImpl(Assert.java:137)
at org.testng.Assert.assertEquals(Assert.java:118)
at org.testng.Assert.assertEquals(Assert.java:453)
at org.testng.Assert.assertEquals(Assert.java:463)
at academy.ValidateTitleTest.basePageNavigation(ValidateTitleTest.java:56)
at sun.reflect.NativeMethodAccessorImpl.invoke0(Native Method)
at sun.reflect.NativeMethodAccessorImpl.invoke(NativeMethodAccessorImpl.java:62)
at sun.reflect.DelegatingMethodAccessorImpl.invoke(DelegatingMethodAccessorImpl.java:43)
at java.lang.reflect.Method.invoke(Method.java:498)
at org.testng.internal.MethodInvocationHelper.invokeMethod(MethodInvocationHelper.java:124)
at org.testng.internal.Invoker.invokeMethod(Invoker.java:583)
at org.testng.internal.Invoker.invokeTestMethod(Invoker.java:719)
at org.testng.internal.Invoker.invokeTestMethods(Invoker.java:989)
at org.testng.internal.TestMethodWorker.invokeTestMethods(TestMethodWorker.java:125)
at org.testng.internal.TestMethodWorker.run(TestMethodWorker.java:109)
at org.testng.TestRunner.privateRun(TestRunner.java:648)
at org.testng.TestRunner.run(TestRunner.java:505)
at org.testng.SuiteRunner.runTest(SuiteRunner.java:455)
at org.testng.SuiteRunner.runSequentially(SuiteRunner.java:450)
at org.testng.SuiteRunner.privateRun(SuiteRunner.java:415)
at org.testng.SuiteRunner.run(SuiteRunner.java:364)
at org.testng.SuiteRunnerWorker.runSuite(SuiteRunnerWorker.java:52)
at org.testng.SuiteRunnerWorker.run(SuiteRunnerWorker.java:84)
at org.testng.TestNG.runSuitesSequentially(TestNG.java:1208)
at org.testng.TestNG.runSuitesLocally(TestNG.java:1137)
at org.testng.TestNG.runSuites(TestNG.java:1049)
at org.testng.TestNG.run(TestNG.java:1017)
at org.testng.remote.AbstractRemoteTestNG.run(AbstractRemoteTestNG.java:114)
at org.testng.remote.RemoteTestNG.initAndRun(RemoteTestNG.java:251)
at org.testng.remote.RemoteTestNG.main(RemoteTestNG.java:77)
]]>
            </full-stacktrace>
          </exception> <!-- java.lang.AssertionError -->
          <reporter-output>
          </reporter-output>
        </test-method> <!-- basePageNavigation -->
        <test-method status="PASS" signature="CloseBrowser()[pri:0, instance:academy.ValidateTitleTest@55182842]" name="CloseBrowser" is-config="true" duration-ms="290" started-at="2019-01-05T16:47:47Z" finished-at="2019-01-05T16:47:47Z">
          <reporter-output>
          </reporter-output>
        </test-method> <!-- CloseBrowser -->
      </class> <!-- academy.ValidateTitleTest -->
    </test> <!-- Validate TitleTest -->
    <test name="ValidateNavigationBarTest" duration-ms="27423" started-at="2019-01-05T16:47:47Z" finished-at="2019-01-05T16:48:15Z">
      <class name="academy.ValidateNavigationBarTest">
        <test-method status="PASS" signature="initializeBrowser()[pri:0, instance:academy.ValidateNavigationBarTest@73a1e9a9]" name="initializeBrowser" is-config="true" duration-ms="24892" started-at="2019-01-05T16:47:47Z" finished-at="2019-01-05T16:48:12Z">
          <reporter-output>
          </reporter-output>
        </test-method> <!-- initializeBrowser -->
        <test-method status="PASS" signature="navigationBar()[pri:0, instance:academy.ValidateNavigationBarTest@73a1e9a9]" name="navigationBar" duration-ms="205" started-at="2019-01-05T16:48:12Z" finished-at="2019-01-05T16:48:12Z">
          <reporter-output>
          </reporter-output>
        </test-method> <!-- navigationBar -->
        <test-method status="PASS" signature="CloseBrowser()[pri:0, instance:academy.ValidateNavigationBarTest@73a1e9a9]" name="CloseBrowser" is-config="true" duration-ms="2324" started-at="2019-01-05T16:48:12Z" finished-at="2019-01-05T16:48:15Z">
          <reporter-output>
          </reporter-output>
        </test-method> <!-- CloseBrowser -->
      </class> <!-- academy.ValidateNavigationBarTest -->
    </test> <!-- ValidateNavigationBarTest -->
  </suite> <!-- Suite -->
</testng-results>
